<?xml version="1.0" encoding="UTF-8"?>
<beans xmlns="http://www.springframework.org/schema/beans"
     xmlns:xsi="http://www.w3.org/2001/XMLSchema-instance"
     xmlns:aop="http://www.springframework.org/schema/aop"
     xmlns:tx="http://www.springframework.org/schema/tx"
     xmlns:context="http://www.springframework.org/schema/context"   
     xmlns:util="http://www.springframework.org/schema/util"
     xsi:schemaLocation="
     http://www.springframework.org/schema/beans http://www.springframework.org/schema/beans/spring-beans-3.1.xsd
     http://www.springframework.org/schema/tx http://www.springframework.org/schema/tx/spring-tx-3.1.xsd
     http://www.springframework.org/schema/aop http://www.springframework.org/schema/aop/spring-aop-3.1.xsd
     http://www.springframework.org/schema/context http://www.springframework.org/schema/context/spring-context-3.1.xsd
     http://www.springframework.org/schema/util http://www.springframework.org/schema/util/spring-util-3.1.xsd">

  <bean id="dataSource" class="org.apache.commons.dbcp.BasicDataSource">
    <property name="driverClassName" value="com.mysql.jdbc.Driver" />
    <property name="url" value="jdbc:mysql://localhost:3306/masterpreview" />
    <property name="username" value="root" />
    <property name="password" value="magick88" />
    <property name="initialSize" value="5" />
    <property name="maxActive" value="5" />
    <property name="maxIdle" value="1" />
    <property name="validationQuery" value="select 1" />
    <property name="testOnBorrow" value="true" />
    <property name="testWhileIdle" value="true" />
    <property name="timeBetweenEvictionRunsMillis" value="10000" />
    <property name="minEvictableIdleTimeMillis" value="60000" />
  </bean>

  <bean id="transactionManager" 
    class="org.springframework.jdbc.datasource.DataSourceTransactionManager">
    <property name="dataSource" ref="dataSource" />
  </bean>
  
  <bean id="sqlSessionFactory" class="org.mybatis.spring.SqlSessionFactoryBean">
    <property name="dataSource" ref="dataSource" />
    <property name="configLocation" value="test-mybatis-config.xml"/>
  </bean>

  <bean class="org.mybatis.spring.mapper.MapperScannerConfigurer">
    <property name="basePackage" value="com.denniskubes" />
    <property name="annotationClass" value="org.springframework.stereotype.Repository" />
  </bean>
                         
</beans>